<?xml version="1.0" encoding="UTF-8"?>
<!-- Generated by org.testng.reporters.JUnitXMLReporter -->
<testsuite ignored="0" hostname="LTIN191328" failures="1" tests="14" name="Test" time="133.577" errors="0" timestamp="2024-02-11T22:20:38 IST">
  <testcase classname="testCases.TC_001_CarLoan" name="CarEMICalculator" time="7.761">
    <failure type="java.lang.AssertionError" message="The following asserts failed:
	expected [₹ 1,19,650] but found [],
	expected [₹ 11,875] but found []">
      <![CDATA[java.lang.AssertionError: The following asserts failed:
expected [₹ 1,19,650] but found [],
expected [₹ 11,875] but found []
at testCases.TC_001_CarLoan.CarEMICalculator(TC_001_CarLoan.java:33)
at java.base/java.util.ArrayList.forEach(ArrayList.java:1511)
... Removed 29 stack frames]]>
    </failure>
  </testcase> <!-- CarEMICalculator -->
  <testcase classname="testCases.TC_002_HomeLoan" name="homeEMICalculator" time="4.963"/>
  <testcase classname="testCases.TC_002_HomeLoan" name="getYearOYearData" time="4.81"/>
  <testcase classname="testCases.TC_003_LoanEMICalculator" name="selectCalculator" time="8.581"/>
  <testcase classname="testCases.TC_003_LoanEMICalculator" name="loanTenureValidation" time="0.311"/>
  <testcase classname="testCases.TC_003_LoanEMICalculator" name="sliderValidation" time="5.237"/>
  <testcase classname="testCases.TC_003_LoanEMICalculator" name="textBoxValidation" time="0.177"/>
  <testcase classname="testCases.TC_004_LoanAmountCalculator" name="selectCalculator" time="5.487"/>
  <testcase classname="testCases.TC_004_LoanAmountCalculator" name="sliderValidation" time="4.967"/>
  <testcase classname="testCases.TC_004_LoanAmountCalculator" name="textBoxValidation" time="0.13"/>
  <testcase classname="testCases.TC_004_LoanAmountCalculator" name="loanTenureValidation" time="0.209"/>
  <testcase classname="testCases.TC_005_LoanTenureCalculator" name="selectCalculator" time="5.689"/>
  <testcase classname="testCases.TC_005_LoanTenureCalculator" name="sliderValidation" time="4.751"/>
  <testcase classname="testCases.TC_005_LoanTenureCalculator" name="textBoxValidation" time="0.139"/>
</testsuite> <!-- Test -->
