<?xml version="1.0" encoding="UTF-8"?>
<testng-results ignored="0" total="14" passed="13" failed="1" skipped="0">
  <reporter-output>
  </reporter-output>
  <suite started-at="2024-02-11T22:18:22 IST" name="Suite" finished-at="2024-02-11T22:20:36 IST" duration-ms="133577">
    <groups>
    </groups>
    <test started-at="2024-02-11T22:18:22 IST" name="Test" finished-at="2024-02-11T22:20:36 IST" duration-ms="133577">
      <class name="testCases.TC_001_CarLoan">
        <test-method is-config="true" signature="setup(java.lang.String,java.lang.String)[pri:0, instance:testCases.TC_001_CarLoan@62379589]" started-at="2024-02-11T22:18:23 IST" name="setup" finished-at="2024-02-11T22:18:41 IST" duration-ms="17807" status="PASS">
          <params>
            <param index="0">
              <value>
                <![CDATA[chrome]]>
              </value>
            </param>
            <param index="1">
              <value>
                <![CDATA[windows]]>
              </value>
            </param>
          </params>
          <reporter-output>
          </reporter-output>
        </test-method> <!-- setup -->
        <test-method signature="CarEMICalculator()[pri:0, instance:testCases.TC_001_CarLoan@62379589]" started-at="2024-02-11T22:18:41 IST" name="CarEMICalculator" finished-at="2024-02-11T22:18:49 IST" duration-ms="7761" status="FAIL">
          <exception class="java.lang.AssertionError">
            <message>
              <![CDATA[The following asserts failed:
expected [₹ 1,19,650] but found [],
expected [₹ 11,875] but found []]]>
            </message>
            <full-stacktrace>
              <![CDATA[java.lang.AssertionError: The following asserts failed:
expected [₹ 1,19,650] but found [],
expected [₹ 11,875] but found []
at org.testng.asserts.SoftAssert.assertAll(SoftAssert.java:46)
at org.testng.asserts.SoftAssert.assertAll(SoftAssert.java:30)
at testCases.TC_001_CarLoan.CarEMICalculator(TC_001_CarLoan.java:33)
at java.base/jdk.internal.reflect.NativeMethodAccessorImpl.invoke0(Native Method)
at java.base/jdk.internal.reflect.NativeMethodAccessorImpl.invoke(NativeMethodAccessorImpl.java:77)
at java.base/jdk.internal.reflect.DelegatingMethodAccessorImpl.invoke(DelegatingMethodAccessorImpl.java:43)
at java.base/java.lang.reflect.Method.invoke(Method.java:568)
at org.testng.internal.invokers.MethodInvocationHelper.invokeMethod(MethodInvocationHelper.java:139)
at org.testng.internal.invokers.TestInvoker.invokeMethod(TestInvoker.java:664)
at org.testng.internal.invokers.TestInvoker.invokeTestMethod(TestInvoker.java:227)
at org.testng.internal.invokers.MethodRunner.runInSequence(MethodRunner.java:50)
at org.testng.internal.invokers.TestInvoker$MethodInvocationAgent.invoke(TestInvoker.java:957)
at org.testng.internal.invokers.TestInvoker.invokeTestMethods(TestInvoker.java:200)
at org.testng.internal.invokers.TestMethodWorker.invokeTestMethods(TestMethodWorker.java:148)
at org.testng.internal.invokers.TestMethodWorker.run(TestMethodWorker.java:128)
at java.base/java.util.ArrayList.forEach(ArrayList.java:1511)
at org.testng.TestRunner.privateRun(TestRunner.java:848)
at org.testng.TestRunner.run(TestRunner.java:621)
at org.testng.SuiteRunner.runTest(SuiteRunner.java:443)
at org.testng.SuiteRunner.runSequentially(SuiteRunner.java:437)
at org.testng.SuiteRunner.privateRun(SuiteRunner.java:397)
at org.testng.SuiteRunner.run(SuiteRunner.java:336)
at org.testng.SuiteRunnerWorker.runSuite(SuiteRunnerWorker.java:52)
at org.testng.SuiteRunnerWorker.run(SuiteRunnerWorker.java:95)
at org.testng.TestNG.runSuitesSequentially(TestNG.java:1280)
at org.testng.TestNG.runSuitesLocally(TestNG.java:1200)
at org.testng.TestNG.runSuites(TestNG.java:1114)
at org.testng.TestNG.run(TestNG.java:1082)
at org.testng.remote.AbstractRemoteTestNG.run(AbstractRemoteTestNG.java:115)
at org.testng.remote.RemoteTestNG.initAndRun(RemoteTestNG.java:251)
at org.testng.remote.RemoteTestNG.main(RemoteTestNG.java:77)
]]>
            </full-stacktrace>
          </exception> <!-- java.lang.AssertionError -->
          <reporter-output>
          </reporter-output>
        </test-method> <!-- CarEMICalculator -->
        <test-method is-config="true" signature="tearDown()[pri:0, instance:testCases.TC_001_CarLoan@62379589]" started-at="2024-02-11T22:18:49 IST" name="tearDown" finished-at="2024-02-11T22:18:50 IST" duration-ms="1274" status="PASS">
          <reporter-output>
          </reporter-output>
        </test-method> <!-- tearDown -->
      </class> <!-- testCases.TC_001_CarLoan -->
      <class name="testCases.TC_004_LoanAmountCalculator">
        <test-method is-config="true" signature="setup(java.lang.String,java.lang.String)[pri:0, instance:testCases.TC_004_LoanAmountCalculator@c730b35]" started-at="2024-02-11T22:19:46 IST" name="setup" finished-at="2024-02-11T22:19:58 IST" duration-ms="11418" status="PASS">
          <params>
            <param index="0">
              <value>
                <![CDATA[chrome]]>
              </value>
            </param>
            <param index="1">
              <value>
                <![CDATA[windows]]>
              </value>
            </param>
          </params>
          <reporter-output>
          </reporter-output>
        </test-method> <!-- setup -->
        <test-method signature="selectCalculator()[pri:0, instance:testCases.TC_004_LoanAmountCalculator@c730b35]" started-at="2024-02-11T22:19:58 IST" name="selectCalculator" finished-at="2024-02-11T22:20:03 IST" duration-ms="5487" status="PASS">
          <reporter-output>
          </reporter-output>
        </test-method> <!-- selectCalculator -->
        <test-method signature="sliderValidation()[pri:0, instance:testCases.TC_004_LoanAmountCalculator@c730b35]" started-at="2024-02-11T22:20:04 IST" name="sliderValidation" finished-at="2024-02-11T22:20:09 IST" depends-on-methods="testCases.TC_004_LoanAmountCalculator.selectCalculator" duration-ms="4967" status="PASS">
          <reporter-output>
          </reporter-output>
        </test-method> <!-- sliderValidation -->
        <test-method signature="textBoxValidation()[pri:0, instance:testCases.TC_004_LoanAmountCalculator@c730b35]" started-at="2024-02-11T22:20:09 IST" name="textBoxValidation" finished-at="2024-02-11T22:20:09 IST" depends-on-methods="testCases.TC_004_LoanAmountCalculator.selectCalculator" duration-ms="130" status="PASS">
          <reporter-output>
          </reporter-output>
        </test-method> <!-- textBoxValidation -->
        <test-method signature="loanTenureValidation()[pri:1, instance:testCases.TC_004_LoanAmountCalculator@c730b35]" started-at="2024-02-11T22:20:10 IST" name="loanTenureValidation" finished-at="2024-02-11T22:20:10 IST" depends-on-methods="testCases.TC_004_LoanAmountCalculator.selectCalculator" duration-ms="209" status="PASS">
          <reporter-output>
          </reporter-output>
        </test-method> <!-- loanTenureValidation -->
        <test-method is-config="true" signature="tearDown()[pri:0, instance:testCases.TC_004_LoanAmountCalculator@c730b35]" started-at="2024-02-11T22:20:10 IST" name="tearDown" finished-at="2024-02-11T22:20:11 IST" duration-ms="1184" status="PASS">
          <reporter-output>
          </reporter-output>
        </test-method> <!-- tearDown -->
      </class> <!-- testCases.TC_004_LoanAmountCalculator -->
      <class name="testCases.TC_002_HomeLoan">
        <test-method is-config="true" signature="setup(java.lang.String,java.lang.String)[pri:0, instance:testCases.TC_002_HomeLoan@6c6cb480]" started-at="2024-02-11T22:18:50 IST" name="setup" finished-at="2024-02-11T22:19:04 IST" duration-ms="13418" status="PASS">
          <params>
            <param index="0">
              <value>
                <![CDATA[chrome]]>
              </value>
            </param>
            <param index="1">
              <value>
                <![CDATA[windows]]>
              </value>
            </param>
          </params>
          <reporter-output>
          </reporter-output>
        </test-method> <!-- setup -->
        <test-method signature="homeEMICalculator()[pri:0, instance:testCases.TC_002_HomeLoan@6c6cb480]" started-at="2024-02-11T22:19:04 IST" name="homeEMICalculator" finished-at="2024-02-11T22:19:09 IST" duration-ms="4963" status="PASS">
          <reporter-output>
          </reporter-output>
        </test-method> <!-- homeEMICalculator -->
        <test-method signature="getYearOYearData()[pri:0, instance:testCases.TC_002_HomeLoan@6c6cb480]" started-at="2024-02-11T22:19:09 IST" name="getYearOYearData" finished-at="2024-02-11T22:19:14 IST" depends-on-methods="testCases.TC_002_HomeLoan.homeEMICalculator" duration-ms="4810" status="PASS">
          <reporter-output>
          </reporter-output>
        </test-method> <!-- getYearOYearData -->
        <test-method is-config="true" signature="tearDown()[pri:0, instance:testCases.TC_002_HomeLoan@6c6cb480]" started-at="2024-02-11T22:19:14 IST" name="tearDown" finished-at="2024-02-11T22:19:16 IST" duration-ms="1434" status="PASS">
          <reporter-output>
          </reporter-output>
        </test-method> <!-- tearDown -->
      </class> <!-- testCases.TC_002_HomeLoan -->
      <class name="testCases.TC_003_LoanEMICalculator">
        <test-method is-config="true" signature="setup(java.lang.String,java.lang.String)[pri:0, instance:testCases.TC_003_LoanEMICalculator@3c46e67a]" started-at="2024-02-11T22:19:16 IST" name="setup" finished-at="2024-02-11T22:19:30 IST" duration-ms="13912" status="PASS">
          <params>
            <param index="0">
              <value>
                <![CDATA[chrome]]>
              </value>
            </param>
            <param index="1">
              <value>
                <![CDATA[windows]]>
              </value>
            </param>
          </params>
          <reporter-output>
          </reporter-output>
        </test-method> <!-- setup -->
        <test-method signature="selectCalculator()[pri:0, instance:testCases.TC_003_LoanEMICalculator@3c46e67a]" started-at="2024-02-11T22:19:30 IST" name="selectCalculator" finished-at="2024-02-11T22:19:38 IST" duration-ms="8581" status="PASS">
          <reporter-output>
          </reporter-output>
        </test-method> <!-- selectCalculator -->
        <test-method signature="loanTenureValidation()[pri:0, instance:testCases.TC_003_LoanEMICalculator@3c46e67a]" started-at="2024-02-11T22:19:39 IST" name="loanTenureValidation" finished-at="2024-02-11T22:19:39 IST" depends-on-methods="testCases.TC_003_LoanEMICalculator.selectCalculator" duration-ms="311" status="PASS">
          <reporter-output>
          </reporter-output>
        </test-method> <!-- loanTenureValidation -->
        <test-method signature="sliderValidation()[pri:0, instance:testCases.TC_003_LoanEMICalculator@3c46e67a]" started-at="2024-02-11T22:19:39 IST" name="sliderValidation" finished-at="2024-02-11T22:19:44 IST" depends-on-methods="testCases.TC_003_LoanEMICalculator.selectCalculator" duration-ms="5237" status="PASS">
          <reporter-output>
          </reporter-output>
        </test-method> <!-- sliderValidation -->
        <test-method signature="textBoxValidation()[pri:0, instance:testCases.TC_003_LoanEMICalculator@3c46e67a]" started-at="2024-02-11T22:19:45 IST" name="textBoxValidation" finished-at="2024-02-11T22:19:45 IST" depends-on-methods="testCases.TC_003_LoanEMICalculator.selectCalculator" duration-ms="177" status="PASS">
          <reporter-output>
          </reporter-output>
        </test-method> <!-- textBoxValidation -->
        <test-method is-config="true" signature="tearDown()[pri:0, instance:testCases.TC_003_LoanEMICalculator@3c46e67a]" started-at="2024-02-11T22:19:45 IST" name="tearDown" finished-at="2024-02-11T22:19:46 IST" duration-ms="1209" status="PASS">
          <reporter-output>
          </reporter-output>
        </test-method> <!-- tearDown -->
      </class> <!-- testCases.TC_003_LoanEMICalculator -->
      <class name="testCases.TC_005_LoanTenureCalculator">
        <test-method is-config="true" signature="setup(java.lang.String,java.lang.String)[pri:0, instance:testCases.TC_005_LoanTenureCalculator@206a70ef]" started-at="2024-02-11T22:20:11 IST" name="setup" finished-at="2024-02-11T22:20:23 IST" duration-ms="11289" status="PASS">
          <params>
            <param index="0">
              <value>
                <![CDATA[chrome]]>
              </value>
            </param>
            <param index="1">
              <value>
                <![CDATA[windows]]>
              </value>
            </param>
          </params>
          <reporter-output>
          </reporter-output>
        </test-method> <!-- setup -->
        <test-method signature="selectCalculator()[pri:0, instance:testCases.TC_005_LoanTenureCalculator@206a70ef]" started-at="2024-02-11T22:20:23 IST" name="selectCalculator" finished-at="2024-02-11T22:20:28 IST" duration-ms="5689" status="PASS">
          <reporter-output>
          </reporter-output>
        </test-method> <!-- selectCalculator -->
        <test-method signature="sliderValidation()[pri:0, instance:testCases.TC_005_LoanTenureCalculator@206a70ef]" started-at="2024-02-11T22:20:29 IST" name="sliderValidation" finished-at="2024-02-11T22:20:34 IST" depends-on-methods="testCases.TC_005_LoanTenureCalculator.selectCalculator" duration-ms="4751" status="PASS">
          <reporter-output>
          </reporter-output>
        </test-method> <!-- sliderValidation -->
        <test-method signature="textBoxValidation()[pri:0, instance:testCases.TC_005_LoanTenureCalculator@206a70ef]" started-at="2024-02-11T22:20:34 IST" name="textBoxValidation" finished-at="2024-02-11T22:20:34 IST" depends-on-methods="testCases.TC_005_LoanTenureCalculator.selectCalculator" duration-ms="139" status="PASS">
          <reporter-output>
          </reporter-output>
        </test-method> <!-- textBoxValidation -->
        <test-method is-config="true" signature="tearDown()[pri:0, instance:testCases.TC_005_LoanTenureCalculator@206a70ef]" started-at="2024-02-11T22:20:35 IST" name="tearDown" finished-at="2024-02-11T22:20:36 IST" duration-ms="1167" status="PASS">
          <reporter-output>
          </reporter-output>
        </test-method> <!-- tearDown -->
      </class> <!-- testCases.TC_005_LoanTenureCalculator -->
    </test> <!-- Test -->
  </suite> <!-- Suite -->
</testng-results>
